<?xml version="1.0" encoding="UTF-8"?>
<testng-results ignored="0" total="4" passed="4" failed="0" skipped="0">
  <reporter-output>
  </reporter-output>
  <suite started-at="2024-09-30T16:17:30 IST" name="Suite" finished-at="2024-09-30T16:18:22 IST" duration-ms="52229">
    <groups>
    </groups>
    <test started-at="2024-09-30T16:17:30 IST" name="ChromeTest" finished-at="2024-09-30T16:17:56 IST" duration-ms="26152">
      <class name="testCases.AccountLogin">
        <test-method is-config="true" signature="setup(java.lang.String,java.lang.String)[pri:0, instance:testCases.AccountLogin@928763c]" started-at="2024-09-30T16:17:30 IST" name="setup" finished-at="2024-09-30T16:17:36 IST" duration-ms="5311" status="PASS">
          <params>
            <param index="0">
              <value>
                <![CDATA[windows]]>
              </value>
            </param>
            <param index="1">
              <value>
                <![CDATA[chrome]]>
              </value>
            </param>
          </params>
          <reporter-output>
          </reporter-output>
        </test-method> <!-- setup -->
        <test-method signature="LoginFlow()[pri:0, instance:testCases.AccountLogin@928763c]" started-at="2024-09-30T16:17:36 IST" name="LoginFlow" finished-at="2024-09-30T16:17:44 IST" duration-ms="7814" status="PASS">
          <reporter-output>
          </reporter-output>
        </test-method> <!-- LoginFlow -->
        <test-method is-config="true" signature="tearDown()[pri:0, instance:testCases.AccountLogin@928763c]" started-at="2024-09-30T16:17:44 IST" name="tearDown" finished-at="2024-09-30T16:17:44 IST" duration-ms="346" status="PASS">
          <reporter-output>
          </reporter-output>
        </test-method> <!-- tearDown -->
      </class> <!-- testCases.AccountLogin -->
      <class name="testCases.Account_Registration">
        <test-method is-config="true" signature="setup(java.lang.String,java.lang.String)[pri:0, instance:testCases.Account_Registration@19976a65]" started-at="2024-09-30T16:17:44 IST" name="setup" finished-at="2024-09-30T16:17:47 IST" duration-ms="3545" status="PASS">
          <params>
            <param index="0">
              <value>
                <![CDATA[windows]]>
              </value>
            </param>
            <param index="1">
              <value>
                <![CDATA[chrome]]>
              </value>
            </param>
          </params>
          <reporter-output>
          </reporter-output>
        </test-method> <!-- setup -->
        <test-method signature="AccountRegister()[pri:0, instance:testCases.Account_Registration@19976a65]" started-at="2024-09-30T16:17:47 IST" name="AccountRegister" finished-at="2024-09-30T16:17:56 IST" duration-ms="8245" status="PASS">
          <reporter-output>
          </reporter-output>
        </test-method> <!-- AccountRegister -->
        <test-method is-config="true" signature="tearDown()[pri:0, instance:testCases.Account_Registration@19976a65]" started-at="2024-09-30T16:17:56 IST" name="tearDown" finished-at="2024-09-30T16:17:56 IST" duration-ms="331" status="PASS">
          <reporter-output>
          </reporter-output>
        </test-method> <!-- tearDown -->
      </class> <!-- testCases.Account_Registration -->
    </test> <!-- ChromeTest -->
    <test started-at="2024-09-30T16:17:58 IST" name="EdgeTest" finished-at="2024-09-30T16:18:22 IST" duration-ms="24328">
      <class name="testCases.AccountLogin">
        <test-method is-config="true" signature="setup(java.lang.String,java.lang.String)[pri:0, instance:testCases.AccountLogin@3fa247d1]" started-at="2024-09-30T16:17:58 IST" name="setup" finished-at="2024-09-30T16:18:02 IST" duration-ms="4061" status="PASS">
          <params>
            <param index="0">
              <value>
                <![CDATA[windows]]>
              </value>
            </param>
            <param index="1">
              <value>
                <![CDATA[edge]]>
              </value>
            </param>
          </params>
          <reporter-output>
          </reporter-output>
        </test-method> <!-- setup -->
        <test-method signature="LoginFlow()[pri:0, instance:testCases.AccountLogin@3fa247d1]" started-at="2024-09-30T16:18:02 IST" name="LoginFlow" finished-at="2024-09-30T16:18:09 IST" duration-ms="6859" status="PASS">
          <reporter-output>
          </reporter-output>
        </test-method> <!-- LoginFlow -->
        <test-method is-config="true" signature="tearDown()[pri:0, instance:testCases.AccountLogin@3fa247d1]" started-at="2024-09-30T16:18:09 IST" name="tearDown" finished-at="2024-09-30T16:18:10 IST" duration-ms="1481" status="PASS">
          <reporter-output>
          </reporter-output>
        </test-method> <!-- tearDown -->
      </class> <!-- testCases.AccountLogin -->
      <class name="testCases.Account_Registration">
        <test-method is-config="true" signature="setup(java.lang.String,java.lang.String)[pri:0, instance:testCases.Account_Registration@2cb2fc20]" started-at="2024-09-30T16:18:10 IST" name="setup" finished-at="2024-09-30T16:18:14 IST" duration-ms="3514" status="PASS">
          <params>
            <param index="0">
              <value>
                <![CDATA[windows]]>
              </value>
            </param>
            <param index="1">
              <value>
                <![CDATA[edge]]>
              </value>
            </param>
          </params>
          <reporter-output>
          </reporter-output>
        </test-method> <!-- setup -->
        <test-method signature="AccountRegister()[pri:0, instance:testCases.Account_Registration@2cb2fc20]" started-at="2024-09-30T16:18:14 IST" name="AccountRegister" finished-at="2024-09-30T16:18:21 IST" duration-ms="6955" status="PASS">
          <reporter-output>
          </reporter-output>
        </test-method> <!-- AccountRegister -->
        <test-method is-config="true" signature="tearDown()[pri:0, instance:testCases.Account_Registration@2cb2fc20]" started-at="2024-09-30T16:18:21 IST" name="tearDown" finished-at="2024-09-30T16:18:22 IST" duration-ms="1448" status="PASS">
          <reporter-output>
          </reporter-output>
        </test-method> <!-- tearDown -->
      </class> <!-- testCases.Account_Registration -->
    </test> <!-- EdgeTest -->
  </suite> <!-- Suite -->
</testng-results>
